2026-07-09 19:46:21,748 | INFO | Searching: site:linkedin.com/in machine learning engineer India
2026-07-09 19:46:22,597 | WARNING | Attempt 1 failed: 400 Client Error: Bad Request for url: https://api.brightdata.com/request
2026-07-09 19:46:24,838 | WARNING | Attempt 2 failed: 400 Client Error: Bad Request for url: https://api.brightdata.com/request
2026-07-09 19:46:27,074 | WARNING | Attempt 3 failed: 400 Client Error: Bad Request for url: https://api.brightdata.com/request
2026-07-09 19:48:02,167 | INFO | Searching: site:linkedin.com/in machine India
2026-07-09 19:48:02,888 | WARNING | Attempt 1 failed: 400 Client Error: Bad Request for url: https://api.brightdata.com/request
2026-07-09 19:48:05,122 | WARNING | Attempt 2 failed: 400 Client Error: Bad Request for url: https://api.brightdata.com/request
2026-07-09 19:48:07,992 | WARNING | Attempt 3 failed: 400 Client Error: Bad Request for url: https://api.brightdata.com/request
2026-07-09 19:52:43,367 | INFO | Searching: site:linkedin.com/in machine learning engineer India
2026-07-09 19:57:05,877 | INFO | Searching: site:linkedin.com/in machine learning engineer India
2026-07-09 19:58:10,497 | INFO | Searching: site:linkedin.com/in machine learning engineer India
2026-07-09 19:58:11,416 | INFO | Searching: site:linkedin.com/in machine learning engineer India
2026-07-09 19:58:14,939 | INFO | Found 2 LinkedIn profiles.
2026-07-09 19:58:16,958 | INFO | Found 2 LinkedIn profiles.
2026-07-09 20:03:59,567 | INFO | Searching: site:linkedin.com/in rag developer India
2026-07-09 20:04:06,413 | INFO | Found 2 LinkedIn profiles.
2026-07-09 20:09:09,874 | INFO | Searching: site:linkedin.com/in machine learning engineer India
2026-07-09 20:09:15,912 | INFO | Found 2 LinkedIn profiles.
2026-07-09 20:12:25,304 | INFO | Searching: site:linkedin.com/in machine learning engineer India
2026-07-09 20:12:30,762 | INFO | Found 2 LinkedIn profiles.
2026-07-09 20:24:11,232 | INFO | Searching: site:linkedin.com/in machine learning engineer India
2026-07-09 20:29:20,233 | INFO | Searching: site:linkedin.com/in machine learning engineer India
2026-07-09 23:09:34,991 | INFO | Searching: site:linkedin.com/in machine learning engineer India
2026-07-09 23:09:37,717 | INFO | Found 2 LinkedIn profiles.
2026-07-09 23:13:41,593 | INFO | Searching: site:linkedin.com/in ai developer India
2026-07-09 23:13:45,181 | INFO | Found 10 LinkedIn profiles.
2026-07-13 11:37:08,201 | INFO | Searching: site:linkedin.com/in gen ai India
2026-07-13 11:37:10,305 | INFO | Found 10 LinkedIn profiles.
2026-07-13 12:02:27,774 | INFO | Searching: site:linkedin.com/in AI Engineer Bengaluru India
2026-07-13 12:02:30,781 | INFO | Found 10 LinkedIn profiles.
2026-07-13 12:09:42,033 | INFO | Searching: site:linkedin.com/in AI Engineer Hyderabad
2026-07-13 12:09:44,628 | INFO | Found 9 LinkedIn profiles.
2026-07-13 12:12:14,799 | INFO | Searching: site:linkedin.com/in AI Engineer Bengaluru
2026-07-13 12:12:21,574 | INFO | Found 10 LinkedIn profiles.
2026-07-13 12:22:41,662 | INFO | Searching: site:linkedin.com/in Backend Developer 1-3 years Bengaluru
2026-07-13 12:22:45,087 | INFO | Found 10 LinkedIn profiles.
2026-07-13 12:27:55,882 | INFO | Searching: site:linkedin.com/in AI Engineer Bengaluru
2026-07-13 12:28:04,091 | INFO | Found 10 LinkedIn profiles.
2026-07-13 12:28:21,982 | INFO | Searching: site:linkedin.com/in Backend Developer Bengaluru
2026-07-13 12:28:26,109 | INFO | Found 10 LinkedIn profiles.
2026-07-13 12:32:17,779 | INFO | Searching: site:linkedin.com/in AI Engineer
2026-07-13 12:32:23,264 | INFO | Found 10 LinkedIn profiles.
2026-07-13 12:32:39,544 | INFO | Searching: site:linkedin.com/in AI Engineer 5-8 years Mumbai
2026-07-13 12:32:41,493 | INFO | Found 10 LinkedIn profiles.
2026-07-13 12:42:57,970 | INFO | Searching: site:linkedin.com/in NLP Engineer 1-3 years Bengaluru
2026-07-13 12:43:03,961 | INFO | Found 10 LinkedIn profiles.
